<?xml version="1.0" encoding="UTF-8"?>
<testng-results ignored="0" total="1" passed="1" failed="0" skipped="0">
  <reporter-output>
  </reporter-output>
  <suite started-at="2022-10-11T01:23:13 IST" name="Default suite" finished-at="2022-10-11T01:23:44 IST" duration-ms="30140">
    <groups>
    </groups>
    <test started-at="2022-10-11T01:23:13 IST" name="Default test" finished-at="2022-10-11T01:23:44 IST" duration-ms="30140">
      <class name="POMsample.usercgk">
        <test-method is-config="true" signature="launchApp()[pri:0, instance:POMsample.usercgk@34b7ac2f]" started-at="2022-10-11T01:23:03 IST" name="launchApp" finished-at="2022-10-11T01:23:13 IST" duration-ms="10415" status="PASS">
          <reporter-output>
          </reporter-output>
        </test-method> <!-- launchApp -->
        <test-method signature="checkuserreg()[pri:0, instance:POMsample.usercgk@34b7ac2f]" started-at="2022-10-11T01:23:13 IST" name="checkuserreg" finished-at="2022-10-11T01:23:44 IST" duration-ms="30101" status="PASS">
          <reporter-output>
          </reporter-output>
        </test-method> <!-- checkuserreg -->
        <test-method is-config="true" signature="closeApp()[pri:0, instance:POMsample.usercgk@34b7ac2f]" started-at="2022-10-11T01:23:44 IST" name="closeApp" finished-at="2022-10-11T01:23:44 IST" duration-ms="353" status="PASS">
          <reporter-output>
          </reporter-output>
        </test-method> <!-- closeApp -->
      </class> <!-- POMsample.usercgk -->
    </test> <!-- Default test -->
  </suite> <!-- Default suite -->
</testng-results>
